Determining if the pthread_create exist failed with the following output:
Change Dir: /home/sven/octanis/catkin_ws/build/CMakeFiles/CMakeTmp

Run Build Command:/usr/bin/make "cmTryCompileExec1570976443/fast"
/usr/bin/make -f CMakeFiles/cmTryCompileExec1570976443.dir/build.make CMakeFiles/cmTryCompileExec1570976443.dir/build
make[1]: Entering directory `/home/sven/octanis/catkin_ws/build/CMakeFiles/CMakeTmp'
/usr/bin/cmake -E cmake_progress_report /home/sven/octanis/catkin_ws/build/CMakeFiles/CMakeTmp/CMakeFiles 1
Building C object CMakeFiles/cmTryCompileExec1570976443.dir/CheckSymbolExists.c.o
/usr/bin/cc    -o CMakeFiles/cmTryCompileExec1570976443.dir/CheckSymbolExists.c.o   -c /home/sven/octanis/catkin_ws/build/CMakeFiles/CMakeTmp/CheckSymbolExists.c
Linking C executable cmTryCompileExec1570976443
/usr/bin/cmake -E cmake_link_script CMakeFiles/cmTryCompileExec1570976443.dir/link.txt --verbose=1
/usr/bin/cc       CMakeFiles/cmTryCompileExec1570976443.dir/CheckSymbolExists.c.o  -o cmTryCompileExec1570976443 -rdynamic 
CMakeFiles/cmTryCompileExec1570976443.dir/CheckSymbolExists.c.o: In function `main':
CheckSymbolExists.c:(.text+0xa): undefined reference to `pthread_create'
collect2: error: ld returned 1 exit status
make[1]: Leaving directory `/home/sven/octanis/catkin_ws/build/CMakeFiles/CMakeTmp'
make[1]: *** [cmTryCompileExec1570976443] Error 1
make: *** [cmTryCompileExec1570976443/fast] Error 2

File /home/sven/octanis/catkin_ws/build/CMakeFiles/CMakeTmp/CheckSymbolExists.c:
/* */
#include <pthread.h>

int main(int argc, char** argv)
{
  (void)argv;
#ifndef pthread_create
  return ((int*)(&pthread_create))[argc];
#else
  (void)argc;
  return 0;
#endif
}

Determining if the function pthread_create exists in the pthreads failed with the following output:
Change Dir: /home/sven/octanis/catkin_ws/build/CMakeFiles/CMakeTmp

Run Build Command:/usr/bin/make "cmTryCompileExec1859677125/fast"
/usr/bin/make -f CMakeFiles/cmTryCompileExec1859677125.dir/build.make CMakeFiles/cmTryCompileExec1859677125.dir/build
make[1]: Entering directory `/home/sven/octanis/catkin_ws/build/CMakeFiles/CMakeTmp'
/usr/bin/cmake -E cmake_progress_report /home/sven/octanis/catkin_ws/build/CMakeFiles/CMakeTmp/CMakeFiles 1
Building C object CMakeFiles/cmTryCompileExec1859677125.dir/CheckFunctionExists.c.o
/usr/bin/cc   -DCHECK_FUNCTION_EXISTS=pthread_create   -o CMakeFiles/cmTryCompileExec1859677125.dir/CheckFunctionExists.c.o   -c /usr/share/cmake-2.8/Modules/CheckFunctionExists.c
Linking C executable cmTryCompileExec1859677125
/usr/bin/cmake -E cmake_link_script CMakeFiles/cmTryCompileExec1859677125.dir/link.txt --verbose=1
/usr/bin/cc   -DCHECK_FUNCTION_EXISTS=pthread_create    CMakeFiles/cmTryCompileExec1859677125.dir/CheckFunctionExists.c.o  -o cmTryCompileExec1859677125 -rdynamic -lpthreads 
/usr/bin/ld: cannot find -lpthreads
collect2: error: ld returned 1 exit status
make[1]: Leaving directory `/home/sven/octanis/catkin_ws/build/CMakeFiles/CMakeTmp'
make[1]: *** [cmTryCompileExec1859677125] Error 1
make: *** [cmTryCompileExec1859677125/fast] Error 2


